This file contains any messages produced by compilers while
running configure, to aid debugging if configure makes a mistake.

It was created by Silent Server configure 1.0, which was
generated by GNU Autoconf 2.61.  Invocation command line was

  $ ./configure 

## --------- ##
## Platform. ##
## --------- ##

hostname = ubuntu804
uname -m = i686
uname -r = 2.6.24-16-server
uname -s = Linux
uname -v = #1 SMP Thu Apr 10 13:58:00 UTC 2008

/usr/bin/uname -p = unknown
/bin/uname -X     = unknown

/bin/arch              = unknown
/usr/bin/arch -k       = unknown
/usr/convex/getsysinfo = unknown
/usr/bin/hostinfo      = unknown
/bin/machine           = unknown
/usr/bin/oslevel       = unknown
/bin/universe          = unknown

PATH: /usr/local/sbin
PATH: /usr/local/bin
PATH: /usr/sbin
PATH: /usr/bin
PATH: /sbin
PATH: /bin
PATH: /usr/games


## ----------- ##
## Core tests. ##
## ----------- ##

configure:1783: checking for a BSD-compatible install
configure:1839: result: /usr/bin/install -c
configure:1850: checking whether build environment is sane
configure:1893: result: yes
configure:1921: checking for a thread-safe mkdir -p
configure:1960: result: /bin/mkdir -p
configure:1973: checking for gawk
configure:2003: result: no
configure:1973: checking for mawk
configure:1989: found /usr/bin/mawk
configure:2000: result: mawk
configure:2011: checking whether make sets $(MAKE)
configure:2032: result: yes
configure:2280: checking for g++
configure:2296: found /usr/bin/g++
configure:2307: result: g++
configure:2338: checking for C++ compiler version
configure:2345: g++ --version >&5
g++ (GCC) 4.2.3 (Ubuntu 4.2.3-2ubuntu7)
Copyright (C) 2007 Free Software Foundation, Inc.
This is free software; see the source for copying conditions.  There is NO
warranty; not even for MERCHANTABILITY or FITNESS FOR A PARTICULAR PURPOSE.

configure:2348: $? = 0
configure:2355: g++ -v >&5
Using built-in specs.
Target: i486-linux-gnu
Configured with: ../src/configure -v --enable-languages=c,c++,fortran,objc,obj-c++,treelang --prefix=/usr --enable-shared --with-system-zlib --libexecdir=/usr/lib --without-included-gettext --enable-threads=posix --enable-nls --with-gxx-include-dir=/usr/include/c++/4.2 --program-suffix=-4.2 --enable-clocale=gnu --enable-libstdcxx-debug --enable-objc-gc --enable-mpfr --enable-targets=all --enable-checking=release --build=i486-linux-gnu --host=i486-linux-gnu --target=i486-linux-gnu
Thread model: posix
gcc version 4.2.3 (Ubuntu 4.2.3-2ubuntu7)
configure:2358: $? = 0
configure:2365: g++ -V >&5
g++: '-V' option must have argument
configure:2368: $? = 1
configure:2391: checking for C++ compiler default output file name
configure:2418: g++    conftest.cpp  >&5
configure:2421: $? = 0
configure:2459: result: a.out
configure:2476: checking whether the C++ compiler works
configure:2486: ./a.out
configure:2489: $? = 0
configure:2506: result: yes
configure:2513: checking whether we are cross compiling
configure:2515: result: no
configure:2518: checking for suffix of executables
configure:2525: g++ -o conftest    conftest.cpp  >&5
configure:2528: $? = 0
configure:2552: result: 
configure:2558: checking for suffix of object files
configure:2584: g++ -c   conftest.cpp >&5
configure:2587: $? = 0
configure:2610: result: o
configure:2614: checking whether we are using the GNU C++ compiler
configure:2643: g++ -c   conftest.cpp >&5
configure:2649: $? = 0
configure:2666: result: yes
configure:2671: checking whether g++ accepts -g
configure:2701: g++ -c -g  conftest.cpp >&5
configure:2707: $? = 0
configure:2806: result: yes
configure:2840: checking for style of include used by make
configure:2868: result: GNU
configure:2893: checking dependency style of g++
configure:2984: result: gcc3
configure:3050: checking for gcc
configure:3066: found /usr/bin/gcc
configure:3077: result: gcc
configure:3315: checking for C compiler version
configure:3322: gcc --version >&5
gcc (GCC) 4.2.3 (Ubuntu 4.2.3-2ubuntu7)
Copyright (C) 2007 Free Software Foundation, Inc.
This is free software; see the source for copying conditions.  There is NO
warranty; not even for MERCHANTABILITY or FITNESS FOR A PARTICULAR PURPOSE.

configure:3325: $? = 0
configure:3332: gcc -v >&5
Using built-in specs.
Target: i486-linux-gnu
Configured with: ../src/configure -v --enable-languages=c,c++,fortran,objc,obj-c++,treelang --prefix=/usr --enable-shared --with-system-zlib --libexecdir=/usr/lib --without-included-gettext --enable-threads=posix --enable-nls --with-gxx-include-dir=/usr/include/c++/4.2 --program-suffix=-4.2 --enable-clocale=gnu --enable-libstdcxx-debug --enable-objc-gc --enable-mpfr --enable-targets=all --enable-checking=release --build=i486-linux-gnu --host=i486-linux-gnu --target=i486-linux-gnu
Thread model: posix
gcc version 4.2.3 (Ubuntu 4.2.3-2ubuntu7)
configure:3335: $? = 0
configure:3342: gcc -V >&5
gcc: '-V' option must have argument
configure:3345: $? = 1
configure:3348: checking whether we are using the GNU C compiler
configure:3377: gcc -c   conftest.c >&5
configure:3383: $? = 0
configure:3400: result: yes
configure:3405: checking whether gcc accepts -g
configure:3435: gcc -c -g  conftest.c >&5
configure:3441: $? = 0
configure:3540: result: yes
configure:3557: checking for gcc option to accept ISO C89
configure:3631: gcc  -c -g -O2  conftest.c >&5
configure:3637: $? = 0
configure:3660: result: none needed
configure:3680: checking dependency style of gcc
configure:3771: result: gcc3
configure:3792: checking how to run the C preprocessor
configure:3832: gcc -E  conftest.c
configure:3838: $? = 0
configure:3869: gcc -E  conftest.c
conftest.c:10:28: error: ac_nonexistent.h: No such file or directory
configure:3875: $? = 1
configure: failed program was:
| /* confdefs.h.  */
| #define PACKAGE_NAME "Silent Server"
| #define PACKAGE_TARNAME "silent-server"
| #define PACKAGE_VERSION "1.0"
| #define PACKAGE_STRING "Silent Server 1.0"
| #define PACKAGE_BUGREPORT "srdrm.cn@gmail.com"
| #define PACKAGE "silent-server"
| #define VERSION "1.0"
| /* end confdefs.h.  */
| #include <ac_nonexistent.h>
configure:3908: result: gcc -E
configure:3937: gcc -E  conftest.c
configure:3943: $? = 0
configure:3974: gcc -E  conftest.c
conftest.c:10:28: error: ac_nonexistent.h: No such file or directory
configure:3980: $? = 1
configure: failed program was:
| /* confdefs.h.  */
| #define PACKAGE_NAME "Silent Server"
| #define PACKAGE_TARNAME "silent-server"
| #define PACKAGE_VERSION "1.0"
| #define PACKAGE_STRING "Silent Server 1.0"
| #define PACKAGE_BUGREPORT "srdrm.cn@gmail.com"
| #define PACKAGE "silent-server"
| #define VERSION "1.0"
| /* end confdefs.h.  */
| #include <ac_nonexistent.h>
configure:4018: checking for grep that handles long lines and -e
configure:4092: result: /bin/grep
configure:4097: checking for egrep
configure:4175: result: /bin/grep -E
configure:4180: checking for ANSI C header files
configure:4210: gcc -c -g -O2  conftest.c >&5
configure:4216: $? = 0
configure:4315: gcc -o conftest -g -O2   conftest.c  >&5
configure:4318: $? = 0
configure:4324: ./conftest
configure:4327: $? = 0
configure:4344: result: yes
configure:4368: checking for sys/types.h
configure:4389: gcc -c -g -O2  conftest.c >&5
configure:4395: $? = 0
configure:4411: result: yes
configure:4368: checking for sys/stat.h
configure:4389: gcc -c -g -O2  conftest.c >&5
configure:4395: $? = 0
configure:4411: result: yes
configure:4368: checking for stdlib.h
configure:4389: gcc -c -g -O2  conftest.c >&5
configure:4395: $? = 0
configure:4411: result: yes
configure:4368: checking for string.h
configure:4389: gcc -c -g -O2  conftest.c >&5
configure:4395: $? = 0
configure:4411: result: yes
configure:4368: checking for memory.h
configure:4389: gcc -c -g -O2  conftest.c >&5
configure:4395: $? = 0
configure:4411: result: yes
configure:4368: checking for strings.h
configure:4389: gcc -c -g -O2  conftest.c >&5
configure:4395: $? = 0
configure:4411: result: yes
configure:4368: checking for inttypes.h
configure:4389: gcc -c -g -O2  conftest.c >&5
configure:4395: $? = 0
configure:4411: result: yes
configure:4368: checking for stdint.h
configure:4389: gcc -c -g -O2  conftest.c >&5
configure:4395: $? = 0
configure:4411: result: yes
configure:4368: checking for unistd.h
configure:4389: gcc -c -g -O2  conftest.c >&5
configure:4395: $? = 0
configure:4411: result: yes
configure:4438: checking sys/epoll.h usability
configure:4455: gcc -c -g -O2  conftest.c >&5
configure:4461: $? = 0
configure:4475: result: yes
configure:4479: checking sys/epoll.h presence
configure:4494: gcc -E  conftest.c
configure:4500: $? = 0
configure:4514: result: yes
configure:4547: checking for sys/epoll.h
configure:4555: result: yes
configure:4694: creating ./config.status

## ---------------------- ##
## Running config.status. ##
## ---------------------- ##

This file was extended by Silent Server config.status 1.0, which was
generated by GNU Autoconf 2.61.  Invocation command line was

  CONFIG_FILES    = 
  CONFIG_HEADERS  = 
  CONFIG_LINKS    = 
  CONFIG_COMMANDS = 
  $ ./config.status 

on ubuntu804

config.status:645: creating Makefile
config.status:645: creating src/Makefile
config.status:645: creating study/Makefile
config.status:645: creating study/epoll/Makefile
config.status:645: creating study/performance/Makefile
config.status:645: creating config.h
config.status:919: executing depfiles commands

## ---------------- ##
## Cache variables. ##
## ---------------- ##

ac_cv_c_compiler_gnu=yes
ac_cv_cxx_compiler_gnu=yes
ac_cv_env_CCC_set=
ac_cv_env_CCC_value=
ac_cv_env_CC_set=
ac_cv_env_CC_value=
ac_cv_env_CFLAGS_set=
ac_cv_env_CFLAGS_value=
ac_cv_env_CPPFLAGS_set=
ac_cv_env_CPPFLAGS_value=
ac_cv_env_CPP_set=
ac_cv_env_CPP_value=
ac_cv_env_CXXFLAGS_set=
ac_cv_env_CXXFLAGS_value=
ac_cv_env_CXX_set=
ac_cv_env_CXX_value=
ac_cv_env_LDFLAGS_set=
ac_cv_env_LDFLAGS_value=
ac_cv_env_LIBS_set=
ac_cv_env_LIBS_value=
ac_cv_env_build_alias_set=
ac_cv_env_build_alias_value=
ac_cv_env_host_alias_set=
ac_cv_env_host_alias_value=
ac_cv_env_target_alias_set=
ac_cv_env_target_alias_value=
ac_cv_header_inttypes_h=yes
ac_cv_header_memory_h=yes
ac_cv_header_stdc=yes
ac_cv_header_stdint_h=yes
ac_cv_header_stdlib_h=yes
ac_cv_header_string_h=yes
ac_cv_header_strings_h=yes
ac_cv_header_sys_epoll_h=yes
ac_cv_header_sys_stat_h=yes
ac_cv_header_sys_types_h=yes
ac_cv_header_unistd_h=yes
ac_cv_objext=o
ac_cv_path_EGREP='/bin/grep -E'
ac_cv_path_GREP=/bin/grep
ac_cv_path_install='/usr/bin/install -c'
ac_cv_path_mkdir=/bin/mkdir
ac_cv_prog_AWK=mawk
ac_cv_prog_CPP='gcc -E'
ac_cv_prog_ac_ct_CC=gcc
ac_cv_prog_ac_ct_CXX=g++
ac_cv_prog_cc_c89=
ac_cv_prog_cc_g=yes
ac_cv_prog_cxx_g=yes
ac_cv_prog_make_make_set=yes
am_cv_CC_dependencies_compiler_type=gcc3
am_cv_CXX_dependencies_compiler_type=gcc3

## ----------------- ##
## Output variables. ##
## ----------------- ##

ACLOCAL='${SHELL} /home/wyz/silent/missing --run aclocal-1.10'
AMDEPBACKSLASH='\'
AMDEP_FALSE='#'
AMDEP_TRUE=''
AMTAR='${SHELL} /home/wyz/silent/missing --run tar'
AUTOCONF='${SHELL} /home/wyz/silent/missing --run autoconf'
AUTOHEADER='${SHELL} /home/wyz/silent/missing --run autoheader'
AUTOMAKE='${SHELL} /home/wyz/silent/missing --run automake-1.10'
AWK='mawk'
CC='gcc'
CCDEPMODE='depmode=gcc3'
CFLAGS='-g -O2'
CPP='gcc -E'
CPPFLAGS=''
CXX='g++'
CXXDEPMODE='depmode=gcc3'
CXXFLAGS='-g3 -ggdb -O0'
CYGPATH_W='echo'
DEFS='-DHAVE_CONFIG_H'
DEPDIR='.deps'
ECHO_C=''
ECHO_N='-n'
ECHO_T=''
EGREP='/bin/grep -E'
EXEEXT=''
GREP='/bin/grep'
INSTALL_DATA='${INSTALL} -m 644'
INSTALL_PROGRAM='${INSTALL}'
INSTALL_SCRIPT='${INSTALL}'
INSTALL_STRIP_PROGRAM='$(install_sh) -c -s'
LDFLAGS=''
LIBOBJS=''
LIBS=''
LTLIBOBJS=''
MAKEINFO='${SHELL} /home/wyz/silent/missing --run makeinfo'
OBJEXT='o'
PACKAGE='silent-server'
PACKAGE_BUGREPORT='srdrm.cn@gmail.com'
PACKAGE_NAME='Silent Server'
PACKAGE_STRING='Silent Server 1.0'
PACKAGE_TARNAME='silent-server'
PACKAGE_VERSION='1.0'
PATH_SEPARATOR=':'
SET_MAKE=''
SHELL='/bin/bash'
STRIP=''
VERSION='1.0'
ac_ct_CC='gcc'
ac_ct_CXX='g++'
am__fastdepCC_FALSE='#'
am__fastdepCC_TRUE=''
am__fastdepCXX_FALSE='#'
am__fastdepCXX_TRUE=''
am__include='include'
am__isrc=''
am__leading_dot='.'
am__quote=''
am__tar='${AMTAR} chof - "$$tardir"'
am__untar='${AMTAR} xf -'
bindir='${exec_prefix}/bin'
build_alias=''
datadir='${datarootdir}'
datarootdir='${prefix}/share'
docdir='${datarootdir}/doc/${PACKAGE_TARNAME}'
dvidir='${docdir}'
exec_prefix='${prefix}'
host_alias=''
htmldir='${docdir}'
includedir='${prefix}/include'
infodir='${datarootdir}/info'
install_sh='$(SHELL) /home/wyz/silent/install-sh'
libdir='${exec_prefix}/lib'
libexecdir='${exec_prefix}/libexec'
localedir='${datarootdir}/locale'
localstatedir='${prefix}/var'
mandir='${datarootdir}/man'
mkdir_p='/bin/mkdir -p'
oldincludedir='/usr/include'
pdfdir='${docdir}'
prefix='/usr/local'
program_transform_name='s,x,x,'
psdir='${docdir}'
sbindir='${exec_prefix}/sbin'
sharedstatedir='${prefix}/com'
sysconfdir='${prefix}/etc'
target_alias=''

## ----------- ##
## confdefs.h. ##
## ----------- ##

#define PACKAGE_NAME "Silent Server"
#define PACKAGE_TARNAME "silent-server"
#define PACKAGE_VERSION "1.0"
#define PACKAGE_STRING "Silent Server 1.0"
#define PACKAGE_BUGREPORT "srdrm.cn@gmail.com"
#define PACKAGE "silent-server"
#define VERSION "1.0"
#define STDC_HEADERS 1
#define HAVE_SYS_TYPES_H 1
#define HAVE_SYS_STAT_H 1
#define HAVE_STDLIB_H 1
#define HAVE_STRING_H 1
#define HAVE_MEMORY_H 1
#define HAVE_STRINGS_H 1
#define HAVE_INTTYPES_H 1
#define HAVE_STDINT_H 1
#define HAVE_UNISTD_H 1
#define HAVE_SYS_EPOLL_H 1

configure: exit 0
