This file contains any messages produced by compilers while
running configure, to aid debugging if configure makes a mistake.

It was created by silent configure 1.0, which was
generated by GNU Autoconf 2.61.  Invocation command line was

  $ ./configure --no-create --no-recursion

## --------- ##
## Platform. ##
## --------- ##

hostname = ubuntu
uname -m = i686
uname -r = 2.6.22-14-server
uname -s = Linux
uname -v = #1 SMP Tue Feb 12 08:27:05 UTC 2008

/usr/bin/uname -p = unknown
/bin/uname -X     = unknown

/bin/arch              = unknown
/usr/bin/arch -k       = unknown
/usr/convex/getsysinfo = unknown
/usr/bin/hostinfo      = unknown
/bin/machine           = unknown
/usr/bin/oslevel       = unknown
/bin/universe          = unknown

PATH: /usr/local/sbin
PATH: /usr/local/bin
PATH: /usr/sbin
PATH: /usr/bin
PATH: /sbin
PATH: /bin
PATH: /usr/games


## ----------- ##
## Core tests. ##
## ----------- ##

configure:1741: checking for a BSD-compatible install
configure:1797: result: /usr/bin/install -c
configure:1808: checking whether build environment is sane
configure:1851: result: yes
configure:1916: checking for gawk
configure:1946: result: no
configure:1916: checking for mawk
configure:1932: found /usr/bin/mawk
configure:1943: result: mawk
configure:1954: checking whether make sets $(MAKE)
configure:1975: result: yes
configure:2208: checking for gcc
configure:2224: found /usr/bin/gcc
configure:2235: result: gcc
configure:2473: checking for C compiler version
configure:2480: gcc --version >&5
gcc (GCC) 4.1.3 20070929 (prerelease) (Ubuntu 4.1.2-16ubuntu2)
Copyright (C) 2006 Free Software Foundation, Inc.
This is free software; see the source for copying conditions.  There is NO
warranty; not even for MERCHANTABILITY or FITNESS FOR A PARTICULAR PURPOSE.

configure:2483: $? = 0
configure:2490: gcc -v >&5
Using built-in specs.
Target: i486-linux-gnu
Configured with: ../src/configure -v --enable-languages=c,c++,fortran,objc,obj-c++,treelang --prefix=/usr --enable-shared --with-system-zlib --libexecdir=/usr/lib --without-included-gettext --enable-threads=posix --enable-nls --with-gxx-include-dir=/usr/include/c++/4.1.3 --program-suffix=-4.1 --enable-__cxa_atexit --enable-clocale=gnu --enable-libstdcxx-debug --enable-mpfr --enable-checking=release i486-linux-gnu
Thread model: posix
gcc version 4.1.3 20070929 (prerelease) (Ubuntu 4.1.2-16ubuntu2)
configure:2493: $? = 0
configure:2500: gcc -V >&5
gcc: '-V' option must have argument
configure:2503: $? = 1
configure:2526: checking for C compiler default output file name
configure:2553: gcc    conftest.c  >&5
configure:2556: $? = 0
configure:2594: result: a.out
configure:2611: checking whether the C compiler works
configure:2621: ./a.out
configure:2624: $? = 0
configure:2641: result: yes
configure:2648: checking whether we are cross compiling
configure:2650: result: no
configure:2653: checking for suffix of executables
configure:2660: gcc -o conftest    conftest.c  >&5
configure:2663: $? = 0
configure:2687: result: 
configure:2693: checking for suffix of object files
configure:2719: gcc -c   conftest.c >&5
configure:2722: $? = 0
configure:2745: result: o
configure:2749: checking whether we are using the GNU C compiler
configure:2778: gcc -c   conftest.c >&5
configure:2784: $? = 0
configure:2801: result: yes
configure:2806: checking whether gcc accepts -g
configure:2836: gcc -c -g  conftest.c >&5
configure:2842: $? = 0
configure:2941: result: yes
configure:2958: checking for gcc option to accept ISO C89
configure:3032: gcc  -c -g -O2  conftest.c >&5
configure:3038: $? = 0
configure:3061: result: none needed
configure:3090: checking for style of include used by make
configure:3118: result: GNU
configure:3146: checking dependency style of gcc
configure:3236: result: gcc3
configure:3312: checking for g++
configure:3328: found /usr/bin/g++
configure:3339: result: g++
configure:3370: checking for C++ compiler version
configure:3377: g++ --version >&5
g++ (GCC) 4.1.3 20070929 (prerelease) (Ubuntu 4.1.2-16ubuntu2)
Copyright (C) 2006 Free Software Foundation, Inc.
This is free software; see the source for copying conditions.  There is NO
warranty; not even for MERCHANTABILITY or FITNESS FOR A PARTICULAR PURPOSE.

configure:3380: $? = 0
configure:3387: g++ -v >&5
Using built-in specs.
Target: i486-linux-gnu
Configured with: ../src/configure -v --enable-languages=c,c++,fortran,objc,obj-c++,treelang --prefix=/usr --enable-shared --with-system-zlib --libexecdir=/usr/lib --without-included-gettext --enable-threads=posix --enable-nls --with-gxx-include-dir=/usr/include/c++/4.1.3 --program-suffix=-4.1 --enable-__cxa_atexit --enable-clocale=gnu --enable-libstdcxx-debug --enable-mpfr --enable-checking=release i486-linux-gnu
Thread model: posix
gcc version 4.1.3 20070929 (prerelease) (Ubuntu 4.1.2-16ubuntu2)
configure:3390: $? = 0
configure:3397: g++ -V >&5
g++: '-V' option must have argument
configure:3400: $? = 1
configure:3403: checking whether we are using the GNU C++ compiler
configure:3432: g++ -c   conftest.cpp >&5
configure:3438: $? = 0
configure:3455: result: yes
configure:3460: checking whether g++ accepts -g
configure:3490: g++ -c -g  conftest.cpp >&5
configure:3496: $? = 0
configure:3595: result: yes
configure:3620: checking dependency style of g++
configure:3710: result: gcc3
configure:3855: creating ./config.status

## ---------------- ##
## Cache variables. ##
## ---------------- ##

ac_cv_c_compiler_gnu=yes
ac_cv_cxx_compiler_gnu=yes
ac_cv_env_CCC_set=
ac_cv_env_CCC_value=
ac_cv_env_CC_set=
ac_cv_env_CC_value=
ac_cv_env_CFLAGS_set=
ac_cv_env_CFLAGS_value=
ac_cv_env_CPPFLAGS_set=
ac_cv_env_CPPFLAGS_value=
ac_cv_env_CXXFLAGS_set=
ac_cv_env_CXXFLAGS_value=
ac_cv_env_CXX_set=
ac_cv_env_CXX_value=
ac_cv_env_LDFLAGS_set=
ac_cv_env_LDFLAGS_value=
ac_cv_env_LIBS_set=
ac_cv_env_LIBS_value=
ac_cv_env_build_alias_set=
ac_cv_env_build_alias_value=
ac_cv_env_host_alias_set=
ac_cv_env_host_alias_value=
ac_cv_env_target_alias_set=
ac_cv_env_target_alias_value=
ac_cv_objext=o
ac_cv_path_install='/usr/bin/install -c'
ac_cv_prog_AWK=mawk
ac_cv_prog_ac_ct_CC=gcc
ac_cv_prog_ac_ct_CXX=g++
ac_cv_prog_cc_c89=
ac_cv_prog_cc_g=yes
ac_cv_prog_cxx_g=yes
ac_cv_prog_make_make_set=yes
am_cv_CC_dependencies_compiler_type=gcc3
am_cv_CXX_dependencies_compiler_type=gcc3

## ----------------- ##
## Output variables. ##
## ----------------- ##

ACLOCAL='${SHELL} /home/wyz/silent_trunk/missing --run aclocal-1.9'
AMDEPBACKSLASH='\'
AMDEP_FALSE='#'
AMDEP_TRUE=''
AMTAR='${SHELL} /home/wyz/silent_trunk/missing --run tar'
AUTOCONF='${SHELL} /home/wyz/silent_trunk/missing --run autoconf'
AUTOHEADER='${SHELL} /home/wyz/silent_trunk/missing --run autoheader'
AUTOMAKE='${SHELL} /home/wyz/silent_trunk/missing --run automake-1.9'
AWK='mawk'
CC='gcc'
CCDEPMODE='depmode=gcc3'
CFLAGS='-g -O2'
CPPFLAGS='-g3 -ggdb -O0'
CXX='g++'
CXXDEPMODE='depmode=gcc3'
CXXFLAGS='-g -O2'
CYGPATH_W='echo'
DEFS='-DHAVE_CONFIG_H'
DEPDIR='.deps'
ECHO_C=''
ECHO_N='-n'
ECHO_T=''
EXEEXT=''
INSTALL_DATA='${INSTALL} -m 644'
INSTALL_PROGRAM='${INSTALL}'
INSTALL_SCRIPT='${INSTALL}'
INSTALL_STRIP_PROGRAM='${SHELL} $(install_sh) -c -s'
LDFLAGS=''
LIBOBJS=''
LIBS=''
LTLIBOBJS=''
MAKEINFO='${SHELL} /home/wyz/silent_trunk/missing --run makeinfo'
OBJEXT='o'
PACKAGE='silent'
PACKAGE_BUGREPORT='srdrm.cn@gmail.com'
PACKAGE_NAME='silent'
PACKAGE_STRING='silent 1.0'
PACKAGE_TARNAME='silent'
PACKAGE_VERSION='1.0'
PATH_SEPARATOR=':'
SET_MAKE=''
SHELL='/bin/bash'
STRIP=''
VERSION='1.0'
ac_ct_CC='gcc'
ac_ct_CXX='g++'
am__fastdepCC_FALSE='#'
am__fastdepCC_TRUE=''
am__fastdepCXX_FALSE='#'
am__fastdepCXX_TRUE=''
am__include='include'
am__leading_dot='.'
am__quote=''
am__tar='${AMTAR} chof - "$$tardir"'
am__untar='${AMTAR} xf -'
bindir='${exec_prefix}/bin'
build_alias=''
datadir='${datarootdir}'
datarootdir='${prefix}/share'
docdir='${datarootdir}/doc/${PACKAGE_TARNAME}'
dvidir='${docdir}'
exec_prefix='${prefix}'
host_alias=''
htmldir='${docdir}'
includedir='${prefix}/include'
infodir='${datarootdir}/info'
install_sh='/home/wyz/silent_trunk/install-sh'
libdir='${exec_prefix}/lib'
libexecdir='${exec_prefix}/libexec'
localedir='${datarootdir}/locale'
localstatedir='${prefix}/var'
mandir='${datarootdir}/man'
mkdir_p='mkdir -p --'
oldincludedir='/usr/include'
pdfdir='${docdir}'
prefix='/usr/local'
program_transform_name='s,x,x,'
psdir='${docdir}'
sbindir='${exec_prefix}/sbin'
sharedstatedir='${prefix}/com'
sysconfdir='${prefix}/etc'
target_alias=''

## ----------- ##
## confdefs.h. ##
## ----------- ##

#define PACKAGE_NAME "silent"
#define PACKAGE_TARNAME "silent"
#define PACKAGE_VERSION "1.0"
#define PACKAGE_STRING "silent 1.0"
#define PACKAGE_BUGREPORT "srdrm.cn@gmail.com"
#define PACKAGE "silent"
#define VERSION "1.0"

configure: exit 0

## ---------------------- ##
## Running config.status. ##
## ---------------------- ##

This file was extended by silent config.status 1.0, which was
generated by GNU Autoconf 2.61.  Invocation command line was

  CONFIG_FILES    = 
  CONFIG_HEADERS  = 
  CONFIG_LINKS    = 
  CONFIG_COMMANDS = 
  $ ./config.status 

on ubuntu

config.status:637: creating Makefile
config.status:637: creating src/Makefile
config.status:637: creating config.h
config.status:847: config.h is unchanged
config.status:893: executing depfiles commands

## ---------------------- ##
## Running config.status. ##
## ---------------------- ##

This file was extended by silent config.status 1.0, which was
generated by GNU Autoconf 2.61.  Invocation command line was

  CONFIG_FILES    = 
  CONFIG_HEADERS  = 
  CONFIG_LINKS    = 
  CONFIG_COMMANDS = 
  $ ./config.status config.h

on ubuntu

config.status:637: creating config.h
config.status:847: config.h is unchanged

## ---------------------- ##
## Running config.status. ##
## ---------------------- ##

This file was extended by silent config.status 1.0, which was
generated by GNU Autoconf 2.61.  Invocation command line was

  CONFIG_FILES    = 
  CONFIG_HEADERS  = 
  CONFIG_LINKS    = 
  CONFIG_COMMANDS = 
  $ ./config.status src/Makefile depfiles

on ubuntu

config.status:637: creating src/Makefile
config.status:893: executing depfiles commands

## ---------------------- ##
## Running config.status. ##
## ---------------------- ##

This file was extended by silent config.status 1.0, which was
generated by GNU Autoconf 2.61.  Invocation command line was

  CONFIG_FILES    = 
  CONFIG_HEADERS  = 
  CONFIG_LINKS    = 
  CONFIG_COMMANDS = 
  $ ./config.status src/Makefile depfiles

on ubuntu

config.status:637: creating src/Makefile
config.status:893: executing depfiles commands
